[debug] [2024-06-08T14:19:48.207Z] ----------------------------------------------------------------------
[debug] [2024-06-08T14:19:48.209Z] Command:       C:\Program Files\nodejs\node.exe C:\Users\johnk\AppData\Roaming\npm\node_modules\firebase-tools\lib\bin\firebase.js emulators:start --only functions
[debug] [2024-06-08T14:19:48.209Z] CLI Version:   13.10.2
[debug] [2024-06-08T14:19:48.209Z] Platform:      win32
[debug] [2024-06-08T14:19:48.209Z] Node Version:  v20.12.2
[debug] [2024-06-08T14:19:48.209Z] Time:          Sat Jun 08 2024 17:19:48 GMT+0300 (Θερινή ώρα Ανατολικής Ευρώπης)
[debug] [2024-06-08T14:19:48.209Z] ----------------------------------------------------------------------
[debug] 
[debug] [2024-06-08T14:19:48.300Z] > command requires scopes: ["email","openid","https://www.googleapis.com/auth/cloudplatformprojects.readonly","https://www.googleapis.com/auth/firebase","https://www.googleapis.com/auth/cloud-platform"]
[debug] [2024-06-08T14:19:48.300Z] > authorizing via signed-in user (johnkav107@gmail.com)
[info] i  emulators: Starting emulators: functions {"metadata":{"emulator":{"name":"hub"},"message":"Starting emulators: functions"}}
[debug] [2024-06-08T14:19:48.308Z] [logging] Logging Emulator only supports listening on one address (127.0.0.1). Not listening on ::1
[debug] [2024-06-08T14:19:48.308Z] assigned listening specs for emulators {"user":{"hub":[{"address":"127.0.0.1","family":"IPv4","port":4400},{"address":"::1","family":"IPv6","port":4400}],"ui":[{"address":"127.0.0.1","family":"IPv4","port":4000},{"address":"::1","family":"IPv6","port":4000}],"logging":[{"address":"127.0.0.1","family":"IPv4","port":4500}]},"metadata":{"message":"assigned listening specs for emulators"}}
[debug] [2024-06-08T14:19:48.312Z] [hub] writing locator at C:\Users\johnk\AppData\Local\Temp\hub-cordiahealth-bbb51.json
[debug] [2024-06-08T14:19:48.326Z] [functions] Functions Emulator only supports listening on one address (127.0.0.1). Not listening on ::1
[debug] [2024-06-08T14:19:48.326Z] [eventarc] Eventarc Emulator only supports listening on one address (127.0.0.1). Not listening on ::1
[debug] [2024-06-08T14:19:48.326Z] late-assigned ports for functions and eventarc emulators {"user":{"hub":[{"address":"127.0.0.1","family":"IPv4","port":4400},{"address":"::1","family":"IPv6","port":4400}],"ui":[{"address":"127.0.0.1","family":"IPv4","port":4000},{"address":"::1","family":"IPv6","port":4000}],"logging":[{"address":"127.0.0.1","family":"IPv4","port":4500}],"functions":[{"address":"127.0.0.1","family":"IPv4","port":5001}],"eventarc":[{"address":"127.0.0.1","family":"IPv4","port":9299}]},"metadata":{"message":"late-assigned ports for functions and eventarc emulators"}}
[warn] !  functions: The following emulators are not running, calls to these services from the Functions emulator will affect production: auth, firestore, database, hosting, pubsub, storage, dataconnect {"metadata":{"emulator":{"name":"functions"},"message":"The following emulators are not running, calls to these services from the Functions emulator will affect production: \u001b[1mauth, firestore, database, hosting, pubsub, storage, dataconnect\u001b[22m"}}
[debug] [2024-06-08T14:19:48.329Z] defaultcredentials: writing to file C:\Users\johnk\AppData\Roaming\firebase\johnkav107_gmail_com_application_default_credentials.json
[debug] [2024-06-08T14:19:48.330Z] Setting GAC to C:\Users\johnk\AppData\Roaming\firebase\johnkav107_gmail_com_application_default_credentials.json {"metadata":{"emulator":{"name":"functions"},"message":"Setting GAC to C:\\Users\\johnk\\AppData\\Roaming\\firebase\\johnkav107_gmail_com_application_default_credentials.json"}}
[debug] [2024-06-08T14:19:48.332Z] >>> [apiv2][query] GET https://firebase.googleapis.com/v1beta1/projects/cordiahealth-bbb51/adminSdkConfig [none]
[debug] [2024-06-08T14:19:48.901Z] <<< [apiv2][status] GET https://firebase.googleapis.com/v1beta1/projects/cordiahealth-bbb51/adminSdkConfig 200
[debug] [2024-06-08T14:19:48.901Z] <<< [apiv2][body] GET https://firebase.googleapis.com/v1beta1/projects/cordiahealth-bbb51/adminSdkConfig {"projectId":"cordiahealth-bbb51","storageBucket":"cordiahealth-bbb51.appspot.com","locationId":"europe-west"}
[info] i  ui: downloading ui-v1.12.1.zip... {"metadata":{"emulator":{"name":"ui"},"message":"downloading ui-v1.12.1.zip..."}}
[debug] [2024-06-08T14:19:48.924Z] >>> [apiv2][query] GET https://storage.googleapis.com/firebase-preview-drop/emulator/ui-v1.12.1.zip 
[debug] [2024-06-08T14:19:49.183Z] <<< [apiv2][status] GET https://storage.googleapis.com/firebase-preview-drop/emulator/ui-v1.12.1.zip 200
[debug] [2024-06-08T14:19:49.183Z] <<< [apiv2][body] GET https://storage.googleapis.com/firebase-preview-drop/emulator/ui-v1.12.1.zip [stream]
[debug] [2024-06-08T14:19:49.764Z] Data is 3498269
[debug] [2024-06-08T14:19:49.765Z] [unzip] Entry: client/ (compressed_size=0 bytes, uncompressed_size=0 bytes)
[debug] [2024-06-08T14:19:49.765Z] [unzip] Processing entry: client\
[debug] [2024-06-08T14:19:49.765Z] [unzip] mkdir: C:\Users\johnk\.cache\firebase\emulators\ui-v1.12.1\client\
[debug] [2024-06-08T14:19:49.765Z] [unzip] Entry: client/favicon.ico (compressed_size=2933 bytes, uncompressed_size=13294 bytes)
[debug] [2024-06-08T14:19:49.765Z] [unzip] Processing entry: client\favicon.ico
[debug] [2024-06-08T14:19:49.765Z] [unzip] else mkdir: C:\Users\johnk\.cache\firebase\emulators\ui-v1.12.1\client
[debug] [2024-06-08T14:19:49.765Z] [unzip] deflating: C:\Users\johnk\.cache\firebase\emulators\ui-v1.12.1\client\favicon.ico
[debug] [2024-06-08T14:19:49.768Z] [unzip] Entry: client/mstile-150x150.png (compressed_size=2034 bytes, uncompressed_size=2034 bytes)
[debug] [2024-06-08T14:19:49.768Z] [unzip] Processing entry: client\mstile-150x150.png
[debug] [2024-06-08T14:19:49.768Z] [unzip] else mkdir: C:\Users\johnk\.cache\firebase\emulators\ui-v1.12.1\client
[debug] [2024-06-08T14:19:49.768Z] [unzip] Writing file: C:\Users\johnk\.cache\firebase\emulators\ui-v1.12.1\client\mstile-150x150.png
[debug] [2024-06-08T14:19:49.769Z] [unzip] Entry: client/favicon-16x16.png (compressed_size=293 bytes, uncompressed_size=293 bytes)
[debug] [2024-06-08T14:19:49.769Z] [unzip] Processing entry: client\favicon-16x16.png
[debug] [2024-06-08T14:19:49.769Z] [unzip] else mkdir: C:\Users\johnk\.cache\firebase\emulators\ui-v1.12.1\client
[debug] [2024-06-08T14:19:49.769Z] [unzip] Writing file: C:\Users\johnk\.cache\firebase\emulators\ui-v1.12.1\client\favicon-16x16.png
[debug] [2024-06-08T14:19:49.770Z] [unzip] Entry: client/favicon-32x32.png (compressed_size=475 bytes, uncompressed_size=475 bytes)
[debug] [2024-06-08T14:19:49.770Z] [unzip] Processing entry: client\favicon-32x32.png
[debug] [2024-06-08T14:19:49.770Z] [unzip] else mkdir: C:\Users\johnk\.cache\firebase\emulators\ui-v1.12.1\client
[debug] [2024-06-08T14:19:49.770Z] [unzip] Writing file: C:\Users\johnk\.cache\firebase\emulators\ui-v1.12.1\client\favicon-32x32.png
[debug] [2024-06-08T14:19:49.771Z] [unzip] Entry: client/manifest.json (compressed_size=245 bytes, uncompressed_size=551 bytes)
[debug] [2024-06-08T14:19:49.771Z] [unzip] Processing entry: client\manifest.json
[debug] [2024-06-08T14:19:49.771Z] [unzip] else mkdir: C:\Users\johnk\.cache\firebase\emulators\ui-v1.12.1\client
[debug] [2024-06-08T14:19:49.771Z] [unzip] deflating: C:\Users\johnk\.cache\firebase\emulators\ui-v1.12.1\client\manifest.json
[debug] [2024-06-08T14:19:49.771Z] [unzip] Entry: client/index.html (compressed_size=1365 bytes, uncompressed_size=3071 bytes)
[debug] [2024-06-08T14:19:49.772Z] [unzip] Processing entry: client\index.html
[debug] [2024-06-08T14:19:49.772Z] [unzip] else mkdir: C:\Users\johnk\.cache\firebase\emulators\ui-v1.12.1\client
[debug] [2024-06-08T14:19:49.772Z] [unzip] deflating: C:\Users\johnk\.cache\firebase\emulators\ui-v1.12.1\client\index.html
[debug] [2024-06-08T14:19:49.772Z] [unzip] Entry: client/robots.txt (compressed_size=26 bytes, uncompressed_size=26 bytes)
[debug] [2024-06-08T14:19:49.773Z] [unzip] Processing entry: client\robots.txt
[debug] [2024-06-08T14:19:49.773Z] [unzip] else mkdir: C:\Users\johnk\.cache\firebase\emulators\ui-v1.12.1\client
[debug] [2024-06-08T14:19:49.773Z] [unzip] Writing file: C:\Users\johnk\.cache\firebase\emulators\ui-v1.12.1\client\robots.txt
[debug] [2024-06-08T14:19:49.773Z] [unzip] Entry: client/android-chrome-512x512.png (compressed_size=5369 bytes, uncompressed_size=5411 bytes)
[debug] [2024-06-08T14:19:49.773Z] [unzip] Processing entry: client\android-chrome-512x512.png
[debug] [2024-06-08T14:19:49.773Z] [unzip] else mkdir: C:\Users\johnk\.cache\firebase\emulators\ui-v1.12.1\client
[debug] [2024-06-08T14:19:49.773Z] [unzip] deflating: C:\Users\johnk\.cache\firebase\emulators\ui-v1.12.1\client\android-chrome-512x512.png
[debug] [2024-06-08T14:19:49.774Z] [unzip] Entry: client/assets/ (compressed_size=0 bytes, uncompressed_size=0 bytes)
[debug] [2024-06-08T14:19:49.774Z] [unzip] Processing entry: client\assets\
[debug] [2024-06-08T14:19:49.774Z] [unzip] mkdir: C:\Users\johnk\.cache\firebase\emulators\ui-v1.12.1\client\assets\
[debug] [2024-06-08T14:19:49.774Z] [unzip] Entry: client/assets/img/ (compressed_size=0 bytes, uncompressed_size=0 bytes)
[debug] [2024-06-08T14:19:49.774Z] [unzip] Processing entry: client\assets\img\
[debug] [2024-06-08T14:19:49.774Z] [unzip] mkdir: C:\Users\johnk\.cache\firebase\emulators\ui-v1.12.1\client\assets\img\
[debug] [2024-06-08T14:19:49.774Z] [unzip] Entry: client/assets/img/database.png (compressed_size=29449 bytes, uncompressed_size=29988 bytes)
[debug] [2024-06-08T14:19:49.775Z] [unzip] Processing entry: client\assets\img\database.png
[debug] [2024-06-08T14:19:49.775Z] [unzip] else mkdir: C:\Users\johnk\.cache\firebase\emulators\ui-v1.12.1\client\assets\img
[debug] [2024-06-08T14:19:49.775Z] [unzip] deflating: C:\Users\johnk\.cache\firebase\emulators\ui-v1.12.1\client\assets\img\database.png
[debug] [2024-06-08T14:19:49.776Z] [unzip] Entry: client/assets/provider-icons/ (compressed_size=0 bytes, uncompressed_size=0 bytes)
[debug] [2024-06-08T14:19:49.776Z] [unzip] Processing entry: client\assets\provider-icons\
[debug] [2024-06-08T14:19:49.776Z] [unzip] mkdir: C:\Users\johnk\.cache\firebase\emulators\ui-v1.12.1\client\assets\provider-icons\
[debug] [2024-06-08T14:19:49.776Z] [unzip] Entry: client/assets/provider-icons/auth_service_play_games.svg (compressed_size=565 bytes, uncompressed_size=1173 bytes)
[debug] [2024-06-08T14:19:49.776Z] [unzip] Processing entry: client\assets\provider-icons\auth_service_play_games.svg
[debug] [2024-06-08T14:19:49.776Z] [unzip] else mkdir: C:\Users\johnk\.cache\firebase\emulators\ui-v1.12.1\client\assets\provider-icons
[debug] [2024-06-08T14:19:49.776Z] [unzip] deflating: C:\Users\johnk\.cache\firebase\emulators\ui-v1.12.1\client\assets\provider-icons\auth_service_play_games.svg
[debug] [2024-06-08T14:19:49.777Z] [unzip] Entry: client/assets/provider-icons/auth_service_game_center.svg (compressed_size=991 bytes, uncompressed_size=3921 bytes)
[debug] [2024-06-08T14:19:49.777Z] [unzip] Processing entry: client\assets\provider-icons\auth_service_game_center.svg
[debug] [2024-06-08T14:19:49.777Z] [unzip] else mkdir: C:\Users\johnk\.cache\firebase\emulators\ui-v1.12.1\client\assets\provider-icons
[debug] [2024-06-08T14:19:49.778Z] [unzip] deflating: C:\Users\johnk\.cache\firebase\emulators\ui-v1.12.1\client\assets\provider-icons\auth_service_game_center.svg
[debug] [2024-06-08T14:19:49.778Z] [unzip] Entry: client/assets/provider-icons/auth_service_google.svg (compressed_size=409 bytes, uncompressed_size=720 bytes)
[debug] [2024-06-08T14:19:49.778Z] [unzip] Processing entry: client\assets\provider-icons\auth_service_google.svg
[debug] [2024-06-08T14:19:49.778Z] [unzip] else mkdir: C:\Users\johnk\.cache\firebase\emulators\ui-v1.12.1\client\assets\provider-icons
[debug] [2024-06-08T14:19:49.778Z] [unzip] deflating: C:\Users\johnk\.cache\firebase\emulators\ui-v1.12.1\client\assets\provider-icons\auth_service_google.svg
[debug] [2024-06-08T14:19:49.779Z] [unzip] Entry: client/assets/provider-icons/auth_service_yahoo.svg (compressed_size=577 bytes, uncompressed_size=1182 bytes)
[debug] [2024-06-08T14:19:49.779Z] [unzip] Processing entry: client\assets\provider-icons\auth_service_yahoo.svg
[debug] [2024-06-08T14:19:49.779Z] [unzip] else mkdir: C:\Users\johnk\.cache\firebase\emulators\ui-v1.12.1\client\assets\provider-icons
[debug] [2024-06-08T14:19:49.779Z] [unzip] deflating: C:\Users\johnk\.cache\firebase\emulators\ui-v1.12.1\client\assets\provider-icons\auth_service_yahoo.svg
[debug] [2024-06-08T14:19:49.780Z] [unzip] Entry: client/assets/provider-icons/auth_service_email.svg (compressed_size=228 bytes, uncompressed_size=326 bytes)
[debug] [2024-06-08T14:19:49.780Z] [unzip] Processing entry: client\assets\provider-icons\auth_service_email.svg
[debug] [2024-06-08T14:19:49.780Z] [unzip] else mkdir: C:\Users\johnk\.cache\firebase\emulators\ui-v1.12.1\client\assets\provider-icons
[debug] [2024-06-08T14:19:49.780Z] [unzip] deflating: C:\Users\johnk\.cache\firebase\emulators\ui-v1.12.1\client\assets\provider-icons\auth_service_email.svg
[debug] [2024-06-08T14:19:49.781Z] [unzip] Entry: client/assets/provider-icons/auth_service_saml.svg (compressed_size=575 bytes, uncompressed_size=1226 bytes)
[debug] [2024-06-08T14:19:49.781Z] [unzip] Processing entry: client\assets\provider-icons\auth_service_saml.svg
[debug] [2024-06-08T14:19:49.781Z] [unzip] else mkdir: C:\Users\johnk\.cache\firebase\emulators\ui-v1.12.1\client\assets\provider-icons
[debug] [2024-06-08T14:19:49.781Z] [unzip] deflating: C:\Users\johnk\.cache\firebase\emulators\ui-v1.12.1\client\assets\provider-icons\auth_service_saml.svg
[debug] [2024-06-08T14:19:49.782Z] [unzip] Entry: client/assets/provider-icons/auth_service_oidc.svg (compressed_size=414 bytes, uncompressed_size=858 bytes)
[debug] [2024-06-08T14:19:49.782Z] [unzip] Processing entry: client\assets\provider-icons\auth_service_oidc.svg
[debug] [2024-06-08T14:19:49.782Z] [unzip] else mkdir: C:\Users\johnk\.cache\firebase\emulators\ui-v1.12.1\client\assets\provider-icons
[debug] [2024-06-08T14:19:49.782Z] [unzip] deflating: C:\Users\johnk\.cache\firebase\emulators\ui-v1.12.1\client\assets\provider-icons\auth_service_oidc.svg
[debug] [2024-06-08T14:19:49.783Z] [unzip] Entry: client/assets/provider-icons/auth_service_facebook.svg (compressed_size=289 bytes, uncompressed_size=457 bytes)
[debug] [2024-06-08T14:19:49.783Z] [unzip] Processing entry: client\assets\provider-icons\auth_service_facebook.svg
[debug] [2024-06-08T14:19:49.783Z] [unzip] else mkdir: C:\Users\johnk\.cache\firebase\emulators\ui-v1.12.1\client\assets\provider-icons
[debug] [2024-06-08T14:19:49.783Z] [unzip] deflating: C:\Users\johnk\.cache\firebase\emulators\ui-v1.12.1\client\assets\provider-icons\auth_service_facebook.svg
[debug] [2024-06-08T14:19:49.784Z] [unzip] Entry: client/assets/provider-icons/auth_service_github.svg (compressed_size=466 bytes, uncompressed_size=838 bytes)
[debug] [2024-06-08T14:19:49.784Z] [unzip] Processing entry: client\assets\provider-icons\auth_service_github.svg
[debug] [2024-06-08T14:19:49.784Z] [unzip] else mkdir: C:\Users\johnk\.cache\firebase\emulators\ui-v1.12.1\client\assets\provider-icons
[debug] [2024-06-08T14:19:49.784Z] [unzip] deflating: C:\Users\johnk\.cache\firebase\emulators\ui-v1.12.1\client\assets\provider-icons\auth_service_github.svg
[debug] [2024-06-08T14:19:49.784Z] [unzip] Entry: client/assets/provider-icons/auth_service_phone.svg (compressed_size=261 bytes, uncompressed_size=414 bytes)
[debug] [2024-06-08T14:19:49.784Z] [unzip] Processing entry: client\assets\provider-icons\auth_service_phone.svg
[debug] [2024-06-08T14:19:49.784Z] [unzip] else mkdir: C:\Users\johnk\.cache\firebase\emulators\ui-v1.12.1\client\assets\provider-icons
[debug] [2024-06-08T14:19:49.784Z] [unzip] deflating: C:\Users\johnk\.cache\firebase\emulators\ui-v1.12.1\client\assets\provider-icons\auth_service_phone.svg
[debug] [2024-06-08T14:19:49.785Z] [unzip] Entry: client/assets/provider-icons/auth_service_apple.svg (compressed_size=230 bytes, uncompressed_size=334 bytes)
[debug] [2024-06-08T14:19:49.785Z] [unzip] Processing entry: client\assets\provider-icons\auth_service_apple.svg
[debug] [2024-06-08T14:19:49.785Z] [unzip] else mkdir: C:\Users\johnk\.cache\firebase\emulators\ui-v1.12.1\client\assets\provider-icons
[debug] [2024-06-08T14:19:49.785Z] [unzip] deflating: C:\Users\johnk\.cache\firebase\emulators\ui-v1.12.1\client\assets\provider-icons\auth_service_apple.svg
[debug] [2024-06-08T14:19:49.786Z] [unzip] Entry: client/assets/provider-icons/auth_service_twitter.svg (compressed_size=444 bytes, uncompressed_size=751 bytes)
[debug] [2024-06-08T14:19:49.786Z] [unzip] Processing entry: client\assets\provider-icons\auth_service_twitter.svg
[debug] [2024-06-08T14:19:49.786Z] [unzip] else mkdir: C:\Users\johnk\.cache\firebase\emulators\ui-v1.12.1\client\assets\provider-icons
[debug] [2024-06-08T14:19:49.786Z] [unzip] deflating: C:\Users\johnk\.cache\firebase\emulators\ui-v1.12.1\client\assets\provider-icons\auth_service_twitter.svg
[debug] [2024-06-08T14:19:49.787Z] [unzip] Entry: client/assets/provider-icons/auth_service_mslive.svg (compressed_size=203 bytes, uncompressed_size=378 bytes)
[debug] [2024-06-08T14:19:49.787Z] [unzip] Processing entry: client\assets\provider-icons\auth_service_mslive.svg
[debug] [2024-06-08T14:19:49.787Z] [unzip] else mkdir: C:\Users\johnk\.cache\firebase\emulators\ui-v1.12.1\client\assets\provider-icons
[debug] [2024-06-08T14:19:49.787Z] [unzip] deflating: C:\Users\johnk\.cache\firebase\emulators\ui-v1.12.1\client\assets\provider-icons\auth_service_mslive.svg
[debug] [2024-06-08T14:19:49.787Z] [unzip] Entry: client/assets/extensions/ (compressed_size=0 bytes, uncompressed_size=0 bytes)
[debug] [2024-06-08T14:19:49.787Z] [unzip] Processing entry: client\assets\extensions\
[debug] [2024-06-08T14:19:49.787Z] [unzip] mkdir: C:\Users\johnk\.cache\firebase\emulators\ui-v1.12.1\client\assets\extensions\
[debug] [2024-06-08T14:19:49.788Z] [unzip] Entry: client/assets/extensions/default-extension.png (compressed_size=1646 bytes, uncompressed_size=1657 bytes)
[debug] [2024-06-08T14:19:49.788Z] [unzip] Processing entry: client\assets\extensions\default-extension.png
[debug] [2024-06-08T14:19:49.788Z] [unzip] else mkdir: C:\Users\johnk\.cache\firebase\emulators\ui-v1.12.1\client\assets\extensions
[debug] [2024-06-08T14:19:49.788Z] [unzip] deflating: C:\Users\johnk\.cache\firebase\emulators\ui-v1.12.1\client\assets\extensions\default-extension.png
[debug] [2024-06-08T14:19:49.788Z] [unzip] Entry: client/assets/index-Cj5I7867.css (compressed_size=35786 bytes, uncompressed_size=297937 bytes)
[debug] [2024-06-08T14:19:49.788Z] [unzip] Processing entry: client\assets\index-Cj5I7867.css
[debug] [2024-06-08T14:19:49.789Z] [unzip] else mkdir: C:\Users\johnk\.cache\firebase\emulators\ui-v1.12.1\client\assets
[debug] [2024-06-08T14:19:49.789Z] [unzip] deflating: C:\Users\johnk\.cache\firebase\emulators\ui-v1.12.1\client\assets\index-Cj5I7867.css
[debug] [2024-06-08T14:19:49.790Z] [unzip] Entry: client/assets/index-JXEx31eZ.js (compressed_size=563896 bytes, uncompressed_size=2020866 bytes)
[debug] [2024-06-08T14:19:49.791Z] [unzip] Processing entry: client\assets\index-JXEx31eZ.js
[debug] [2024-06-08T14:19:49.791Z] [unzip] else mkdir: C:\Users\johnk\.cache\firebase\emulators\ui-v1.12.1\client\assets
[debug] [2024-06-08T14:19:49.791Z] [unzip] deflating: C:\Users\johnk\.cache\firebase\emulators\ui-v1.12.1\client\assets\index-JXEx31eZ.js
[debug] [2024-06-08T14:19:49.798Z] [unzip] Entry: client/assets/index-JXEx31eZ.js.map (compressed_size=2229196 bytes, uncompressed_size=9596104 bytes)
[debug] [2024-06-08T14:19:49.798Z] [unzip] Processing entry: client\assets\index-JXEx31eZ.js.map
[debug] [2024-06-08T14:19:49.798Z] [unzip] else mkdir: C:\Users\johnk\.cache\firebase\emulators\ui-v1.12.1\client\assets
[debug] [2024-06-08T14:19:49.798Z] [unzip] deflating: C:\Users\johnk\.cache\firebase\emulators\ui-v1.12.1\client\assets\index-JXEx31eZ.js.map
[debug] [2024-06-08T14:19:49.827Z] [unzip] Entry: client/safari-pinned-tab.svg (compressed_size=1433 bytes, uncompressed_size=2611 bytes)
[debug] [2024-06-08T14:19:49.827Z] [unzip] Processing entry: client\safari-pinned-tab.svg
[debug] [2024-06-08T14:19:49.827Z] [unzip] else mkdir: C:\Users\johnk\.cache\firebase\emulators\ui-v1.12.1\client
[debug] [2024-06-08T14:19:49.827Z] [unzip] deflating: C:\Users\johnk\.cache\firebase\emulators\ui-v1.12.1\client\safari-pinned-tab.svg
[debug] [2024-06-08T14:19:49.828Z] [unzip] Entry: client/browserconfig.xml (compressed_size=491 bytes, uncompressed_size=822 bytes)
[debug] [2024-06-08T14:19:49.828Z] [unzip] Processing entry: client\browserconfig.xml
[debug] [2024-06-08T14:19:49.828Z] [unzip] else mkdir: C:\Users\johnk\.cache\firebase\emulators\ui-v1.12.1\client
[debug] [2024-06-08T14:19:49.828Z] [unzip] deflating: C:\Users\johnk\.cache\firebase\emulators\ui-v1.12.1\client\browserconfig.xml
[debug] [2024-06-08T14:19:49.829Z] [unzip] Entry: client/android-chrome-192x192.png (compressed_size=2684 bytes, uncompressed_size=2684 bytes)
[debug] [2024-06-08T14:19:49.829Z] [unzip] Processing entry: client\android-chrome-192x192.png
[debug] [2024-06-08T14:19:49.829Z] [unzip] else mkdir: C:\Users\johnk\.cache\firebase\emulators\ui-v1.12.1\client
[debug] [2024-06-08T14:19:49.829Z] [unzip] Writing file: C:\Users\johnk\.cache\firebase\emulators\ui-v1.12.1\client\android-chrome-192x192.png
[debug] [2024-06-08T14:19:49.830Z] [unzip] Entry: client/apple-touch-icon.png (compressed_size=2123 bytes, uncompressed_size=2152 bytes)
[debug] [2024-06-08T14:19:49.830Z] [unzip] Processing entry: client\apple-touch-icon.png
[debug] [2024-06-08T14:19:49.830Z] [unzip] else mkdir: C:\Users\johnk\.cache\firebase\emulators\ui-v1.12.1\client
[debug] [2024-06-08T14:19:49.830Z] [unzip] deflating: C:\Users\johnk\.cache\firebase\emulators\ui-v1.12.1\client\apple-touch-icon.png
[debug] [2024-06-08T14:19:49.831Z] [unzip] Entry: server/ (compressed_size=0 bytes, uncompressed_size=0 bytes)
[debug] [2024-06-08T14:19:49.831Z] [unzip] Processing entry: server\
[debug] [2024-06-08T14:19:49.831Z] [unzip] mkdir: C:\Users\johnk\.cache\firebase\emulators\ui-v1.12.1\server\
[debug] [2024-06-08T14:19:49.831Z] [unzip] Entry: server/server.mjs.map (compressed_size=286219 bytes, uncompressed_size=1310517 bytes)
[debug] [2024-06-08T14:19:49.831Z] [unzip] Processing entry: server\server.mjs.map
[debug] [2024-06-08T14:19:49.831Z] [unzip] else mkdir: C:\Users\johnk\.cache\firebase\emulators\ui-v1.12.1\server
[debug] [2024-06-08T14:19:49.831Z] [unzip] deflating: C:\Users\johnk\.cache\firebase\emulators\ui-v1.12.1\server\server.mjs.map
[debug] [2024-06-08T14:19:49.835Z] [unzip] Entry: server/assets/ (compressed_size=0 bytes, uncompressed_size=0 bytes)
[debug] [2024-06-08T14:19:49.835Z] [unzip] Processing entry: server\assets\
[debug] [2024-06-08T14:19:49.835Z] [unzip] mkdir: C:\Users\johnk\.cache\firebase\emulators\ui-v1.12.1\server\assets\
[debug] [2024-06-08T14:19:49.835Z] [unzip] Entry: server/assets/multipart-parser-n20ATYm_.mjs.map (compressed_size=4790 bytes, uncompressed_size=17920 bytes)
[debug] [2024-06-08T14:19:49.835Z] [unzip] Processing entry: server\assets\multipart-parser-n20ATYm_.mjs.map
[debug] [2024-06-08T14:19:49.835Z] [unzip] else mkdir: C:\Users\johnk\.cache\firebase\emulators\ui-v1.12.1\server\assets
[debug] [2024-06-08T14:19:49.835Z] [unzip] deflating: C:\Users\johnk\.cache\firebase\emulators\ui-v1.12.1\server\assets\multipart-parser-n20ATYm_.mjs.map
[debug] [2024-06-08T14:19:49.836Z] [unzip] Entry: server/assets/multipart-parser-n20ATYm_.mjs (compressed_size=2625 bytes, uncompressed_size=10428 bytes)
[debug] [2024-06-08T14:19:49.836Z] [unzip] Processing entry: server\assets\multipart-parser-n20ATYm_.mjs
[debug] [2024-06-08T14:19:49.836Z] [unzip] else mkdir: C:\Users\johnk\.cache\firebase\emulators\ui-v1.12.1\server\assets
[debug] [2024-06-08T14:19:49.836Z] [unzip] deflating: C:\Users\johnk\.cache\firebase\emulators\ui-v1.12.1\server\assets\multipart-parser-n20ATYm_.mjs
[debug] [2024-06-08T14:19:49.837Z] [unzip] Entry: server/server.mjs (compressed_size=311497 bytes, uncompressed_size=1147307 bytes)
[debug] [2024-06-08T14:19:49.837Z] [unzip] Processing entry: server\server.mjs
[debug] [2024-06-08T14:19:49.837Z] [unzip] else mkdir: C:\Users\johnk\.cache\firebase\emulators\ui-v1.12.1\server
[debug] [2024-06-08T14:19:49.837Z] [unzip] deflating: C:\Users\johnk\.cache\firebase\emulators\ui-v1.12.1\server\server.mjs
[debug] [2024-06-08T14:19:49.841Z] Ignoring unsupported arg: auto_download {"metadata":{"emulator":{"name":"ui"},"message":"Ignoring unsupported arg: auto_download"}}
[debug] [2024-06-08T14:19:49.841Z] Ignoring unsupported arg: port {"metadata":{"emulator":{"name":"ui"},"message":"Ignoring unsupported arg: port"}}
[debug] [2024-06-08T14:19:49.841Z] Starting Emulator UI with command {"binary":"node","args":["C:\\Users\\johnk\\.cache\\firebase\\emulators\\ui-v1.12.1\\server\\server.mjs"],"optionalArgs":[],"joinArgs":false,"shell":false} {"metadata":{"emulator":{"name":"ui"},"message":"Starting Emulator UI with command {\"binary\":\"node\",\"args\":[\"C:\\\\Users\\\\johnk\\\\.cache\\\\firebase\\\\emulators\\\\ui-v1.12.1\\\\server\\\\server.mjs\"],\"optionalArgs\":[],\"joinArgs\":false,\"shell\":false}"}}
[info] i  ui: Emulator UI logging to ui-debug.log {"metadata":{"emulator":{"name":"ui"},"message":"Emulator UI logging to \u001b[1mui-debug.log\u001b[22m"}}
[debug] [2024-06-08T14:19:49.945Z] Web / API server started at 127.0.0.1:4000
 {"metadata":{"emulator":{"name":"ui"},"message":"Web / API server started at 127.0.0.1:4000\n"}}
[debug] [2024-06-08T14:19:49.945Z] Web / API server started at ::1:4000
 {"metadata":{"emulator":{"name":"ui"},"message":"Web / API server started at ::1:4000\n"}}
[info] i  functions: Watching "C:\Users\johnk\Documents\GitHub\cordia\functions" for Cloud Functions... {"metadata":{"emulator":{"name":"functions"},"message":"Watching \"C:\\Users\\johnk\\Documents\\GitHub\\cordia\\functions\" for Cloud Functions..."}}
[debug] [2024-06-08T14:19:50.061Z] Validating nodejs source
[debug] [2024-06-08T14:19:50.943Z] > [functions] package.json contents: {
  "name": "functions",
  "description": "Cloud Functions for Firebase",
  "scripts": {
    "serve": "firebase emulators:start --only functions",
    "shell": "firebase functions:shell",
    "start": "npm run shell",
    "deploy": "firebase deploy --only functions",
    "logs": "firebase functions:log"
  },
  "engines": {
    "node": "18"
  },
  "main": "index.js",
  "dependencies": {
    "@sendgrid/mail": "^8.1.3",
    "firebase-admin": "^12.1.0",
    "firebase-functions": "^5.0.0"
  },
  "devDependencies": {
    "firebase-functions-test": "^3.1.0"
  },
  "private": true
}
[debug] [2024-06-08T14:19:50.944Z] Building nodejs source
[debug] [2024-06-08T14:19:50.944Z] Failed to find version of module node: reached end of search path C:\Users\johnk\Documents\GitHub\cordia\functions\node_modules
[warn] !  functions: Your requested "node" version "18" doesn't match your global version "20". Using node@20 from host. 
[debug] [2024-06-08T14:19:50.946Z] Could not find functions.yaml. Must use http discovery
[debug] [2024-06-08T14:19:50.951Z] Found firebase-functions binary at 'C:\Users\johnk\Documents\GitHub\cordia\functions\node_modules\.bin\firebase-functions'
[info] Serving at port 8352

[error] TypeError: Cannot read properties of undefined (reading 'key')
    at Object.<anonymous> (C:\Users\johnk\Documents\GitHub\cordia\functions\index.js:7:51)
    at Module._compile (node:internal/modules/cjs/loader:1369:14)
    at Module._extensions..js (node:internal/modules/cjs/loader:1427:10)
    at Module.load (node:internal/modules/cjs/loader:1206:32)
    at Module._load (node:internal/modules/cjs/loader:1022:12)
    at Module.require (node:internal/modules/cjs/loader:1231:19)
    at require (node:internal/modules/helpers:179:18)
    at loadModule (C:\Users\johnk\Documents\GitHub\cordia\functions\node_modules\firebase-functions\lib\runtime\loader.js:40:16)
    at loadStack (C:\Users\johnk\Documents\GitHub\cordia\functions\node_modules\firebase-functions\lib\runtime\loader.js:93:23)
    at C:\Users\johnk\Documents\GitHub\cordia\functions\node_modules\firebase-functions\lib\bin\firebase-functions.js:56:56

[debug] [2024-06-08T14:19:51.370Z] Got response code 400; body Failed to generate manifest from function source: TypeError: Cannot read properties of undefined (reading 'key')
[error] !!  functions: Failed to load function definition from source: FirebaseError: Functions codebase could not be analyzed successfully. It may have a syntax or runtime error {"metadata":{"emulator":{"name":"functions"},"message":"Failed to load function definition from source: FirebaseError: Functions codebase could not be analyzed successfully. It may have a syntax or runtime error"}}
[info] 
┌─────────────────────────────────────────────────────────────┐
│ ✔  All emulators ready! It is now safe to connect your app. │
│ i  View Emulator UI at http://127.0.0.1:4000/               │
└─────────────────────────────────────────────────────────────┘

┌───────────┬────────────────┬─────────────────────────────────┐
│ Emulator  │ Host:Port      │ View in Emulator UI             │
├───────────┼────────────────┼─────────────────────────────────┤
│ Functions │ 127.0.0.1:5001 │ http://127.0.0.1:4000/functions │
└───────────┴────────────────┴─────────────────────────────────┘
  Emulator Hub running at 127.0.0.1:4400
  Other reserved ports: 4500

Issues? Report them at https://github.com/firebase/firebase-tools/issues and attach the *-debug.log files.
 
[debug] [2024-06-08T14:20:52.704Z] File C:\Users\johnk\Documents\GitHub\cordia\functions\index.js changed, reloading triggers {"metadata":{"emulator":{"name":"functions"},"message":"File C:\\Users\\johnk\\Documents\\GitHub\\cordia\\functions\\index.js changed, reloading triggers"}}
[debug] [2024-06-08T14:20:53.708Z] Validating nodejs source
[debug] [2024-06-08T14:20:54.576Z] > [functions] package.json contents: {
  "name": "functions",
  "description": "Cloud Functions for Firebase",
  "scripts": {
    "serve": "firebase emulators:start --only functions",
    "shell": "firebase functions:shell",
    "start": "npm run shell",
    "deploy": "firebase deploy --only functions",
    "logs": "firebase functions:log"
  },
  "engines": {
    "node": "18"
  },
  "main": "index.js",
  "dependencies": {
    "@sendgrid/mail": "^8.1.3",
    "firebase-admin": "^12.1.0",
    "firebase-functions": "^5.0.0"
  },
  "devDependencies": {
    "firebase-functions-test": "^3.1.0"
  },
  "private": true
}
[debug] [2024-06-08T14:20:54.576Z] Building nodejs source
[debug] [2024-06-08T14:20:54.576Z] Failed to find version of module node: reached end of search path C:\Users\johnk\Documents\GitHub\cordia\functions\node_modules
[warn] !  functions: Your requested "node" version "18" doesn't match your global version "20". Using node@20 from host. 
[debug] [2024-06-08T14:20:54.577Z] Could not find functions.yaml. Must use http discovery
[debug] [2024-06-08T14:20:54.583Z] Found firebase-functions binary at 'C:\Users\johnk\Documents\GitHub\cordia\functions\node_modules\.bin\firebase-functions'
[info] Serving at port 8521

[error] SendGrid API key or sender email is not defined in environment configuration.

[debug] [2024-06-08T14:20:54.962Z] Failed to call quitquitquit. This often means the server failed to start request to http://localhost:8521/__/quitquitquit failed, reason:  {"message":"request to http://localhost:8521/__/quitquitquit failed, reason: ","type":"system","errno":"ECONNREFUSED","code":"ECONNREFUSED"}
[error] !!  functions: Failed to load function definition from source: FetchError: request to http://127.0.0.1:8521/__/functions.yaml failed, reason: read ECONNRESET {"metadata":{"emulator":{"name":"functions"},"message":"Failed to load function definition from source: FetchError: request to http://127.0.0.1:8521/__/functions.yaml failed, reason: read ECONNRESET"}}
